d:\dropbox\dropbox\utveckling\cpp\directx\direct3d\direct3d\debug\main.obj
d:\dropbox\dropbox\utveckling\cpp\directx\direct3d\direct3d\debug\vc100.pdb
d:\dropbox\dropbox\utveckling\cpp\directx\direct3d\direct3d\debug\graphicsdevice.obj
d:\dropbox\dropbox\utveckling\cpp\directx\direct3d\debug\direct3d.ilk
d:\dropbox\dropbox\utveckling\cpp\directx\direct3d\debug\direct3d.exe
d:\dropbox\dropbox\utveckling\cpp\directx\direct3d\direct3d\debug\direct3d.exe.intermediate.manifest
d:\dropbox\dropbox\utveckling\cpp\directx\direct3d\debug\direct3d.pdb
d:\dropbox\dropbox\utveckling\cpp\directx\direct3d\direct3d\debug\vc120.pdb
d:\dropbox\dropbox\utveckling\cpp\directx\direct3d\direct3d\debug\vc120.idb
d:\dropbox\dropbox\utveckling\cpp\directx\direct3d\direct3d\debug\gamesprite.obj
d:\dropbox\dropbox\utveckling\cpp\directx\direct3d\direct3d\debug\direct3d.vcxprojresolveassemblyreference.cache
d:\dropbox\dropbox\utveckling\cpp\directx\direct3d\direct3d\debug\cl.command.1.tlog
d:\dropbox\dropbox\utveckling\cpp\directx\direct3d\direct3d\debug\cl.read.1.tlog
d:\dropbox\dropbox\utveckling\cpp\directx\direct3d\direct3d\debug\cl.write.1.tlog
d:\dropbox\dropbox\utveckling\cpp\directx\direct3d\direct3d\debug\direct3d.write.1.tlog
d:\dropbox\dropbox\utveckling\cpp\directx\direct3d\direct3d\debug\link.command.1.tlog
d:\dropbox\dropbox\utveckling\cpp\directx\direct3d\direct3d\debug\link.read.1.tlog
d:\dropbox\dropbox\utveckling\cpp\directx\direct3d\direct3d\debug\link.write.1.tlog
d:\dropbox\dropbox\utveckling\cpp\directx\direct3d\direct3d\debug\mt.command.1.tlog
d:\dropbox\dropbox\utveckling\cpp\directx\direct3d\direct3d\debug\mt.read.1.tlog
d:\dropbox\dropbox\utveckling\cpp\directx\direct3d\direct3d\debug\mt.write.1.tlog
d:\dropbox\dropbox\utveckling\cpp\directx\direct3d\direct3d\debug\vc100.idb
d:\dropbox\dropbox\utveckling\cpp\directx\direct3d\direct3d\debug\direct3d.tlog\cl.command.1.tlog
d:\dropbox\dropbox\utveckling\cpp\directx\direct3d\direct3d\debug\direct3d.tlog\cl.read.1.tlog
d:\dropbox\dropbox\utveckling\cpp\directx\direct3d\direct3d\debug\direct3d.tlog\cl.write.1.tlog
d:\dropbox\dropbox\utveckling\cpp\directx\direct3d\direct3d\debug\direct3d.tlog\link.command.1.tlog
d:\dropbox\dropbox\utveckling\cpp\directx\direct3d\direct3d\debug\direct3d.tlog\link.read.1.tlog
d:\dropbox\dropbox\utveckling\cpp\directx\direct3d\direct3d\debug\direct3d.tlog\link.write.1.tlog
